0 info it worked if it ends with ok
1 verbose cli [ 'node', '/usr/local/bin/npm', 'install', 'oracledb' ]
2 info using npm@2.6.1
3 info using node@v0.12.0
4 warn package.json booksfire@1.0.0 No repository field.
5 warn package.json booksfire@1.0.0 No README data
6 silly cache add args [ 'oracledb', null ]
7 verbose cache add spec oracledb
8 silly cache add parsed spec { raw: 'oracledb',
8 silly cache add   scope: null,
8 silly cache add   name: 'oracledb',
8 silly cache add   rawSpec: '',
8 silly cache add   spec: '*',
8 silly cache add   type: 'range' }
9 verbose addNamed oracledb@*
10 silly addNamed semver.valid null
11 silly addNamed semver.validRange *
12 silly addNameRange { name: 'oracledb', range: '*', hasData: false }
13 silly mapToRegistry name oracledb
14 silly mapToRegistry using default registry
15 silly mapToRegistry registry https://registry.npmjs.org/
16 silly mapToRegistry uri https://registry.npmjs.org/oracledb
17 verbose addNameRange registry:https://registry.npmjs.org/oracledb not in flight; fetching
18 verbose request uri https://registry.npmjs.org/oracledb
19 verbose request no auth needed
20 info attempt registry request try #1 at 10:25:00 AM
21 verbose request id e02c042490503287
22 http request GET https://registry.npmjs.org/oracledb
23 http 200 https://registry.npmjs.org/oracledb
24 silly get cb [ 200,
24 silly get   { server: 'CouchDB/1.5.0 (Erlang OTP/R16B03)',
24 silly get     etag: '"3KYENESNCDQMEU1J4NK7FY5EN"',
24 silly get     'content-type': 'application/json',
24 silly get     'cache-control': 'max-age=60',
24 silly get     'content-length': '16462',
24 silly get     'accept-ranges': 'bytes',
24 silly get     date: 'Mon, 31 Aug 2015 08:25:02 GMT',
24 silly get     via: '1.1 varnish',
24 silly get     age: '0',
24 silly get     connection: 'keep-alive',
24 silly get     'x-served-by': 'cache-lhr6326-LHR',
24 silly get     'x-cache': 'MISS',
24 silly get     'x-cache-hits': '0',
24 silly get     'x-timer': 'S1441009502.050200,VS0,VE674',
24 silly get     vary: 'Accept' } ]
25 verbose get saving oracledb to /Users/christianmccabe/.npm/registry.npmjs.org/oracledb/.cache.json
26 silly addNameRange number 2 { name: 'oracledb', range: '*', hasData: true }
27 warn engineStrict Per-package engineStrict (found in package.json for oracledb)
28 warn engineStrict won't be used in npm 3+. Use the config setting `engine-strict` instead.
29 silly addNameRange versions [ 'oracledb', [ '0.2.4', '0.6.0', '0.7.0', '1.0.0' ] ]
30 verbose addNamed oracledb@1.0.0
31 silly addNamed semver.valid 1.0.0
32 silly addNamed semver.validRange 1.0.0
33 silly mapToRegistry name oracledb
34 silly mapToRegistry using default registry
35 silly mapToRegistry registry https://registry.npmjs.org/
36 silly mapToRegistry uri https://registry.npmjs.org/oracledb
37 verbose addRemoteTarball https://registry.npmjs.org/oracledb/-/oracledb-1.0.0.tgz not in flight; adding
38 verbose addRemoteTarball [ 'https://registry.npmjs.org/oracledb/-/oracledb-1.0.0.tgz',
38 verbose addRemoteTarball   'c8fe982ceb1c32810e9a63881b1b140d587a9b09' ]
39 info retry fetch attempt 1 at 10:25:03 AM
40 info attempt registry request try #1 at 10:25:03 AM
41 http fetch GET https://registry.npmjs.org/oracledb/-/oracledb-1.0.0.tgz
42 http fetch 200 https://registry.npmjs.org/oracledb/-/oracledb-1.0.0.tgz
43 silly fetchAndShaCheck shasum c8fe982ceb1c32810e9a63881b1b140d587a9b09
44 verbose addTmpTarball /var/folders/04/b6d5x9g12191br_32x_wqx_00000gn/T/npm-34402-77d6528b/registry.npmjs.org/oracledb/-/oracledb-1.0.0.tgz not in flight; adding
45 verbose addTmpTarball already have metadata; skipping unpack for oracledb@1.0.0
46 silly cache afterAdd oracledb@1.0.0
47 verbose afterAdd /Users/christianmccabe/.npm/oracledb/1.0.0/package/package.json not in flight; writing
48 verbose afterAdd /Users/christianmccabe/.npm/oracledb/1.0.0/package/package.json written
49 silly install resolved [ { name: 'oracledb',
49 silly install resolved     version: '1.0.0',
49 silly install resolved     description: 'Oracle Database driver by Oracle Corp.',
49 silly install resolved     license: 'Apache-2.0',
49 silly install resolved     homepage: 'http://www.oracle.com/technetwork/database/database-technologies/node_js/index.html',
49 silly install resolved     keywords:
49 silly install resolved      [ 'oracledb',
49 silly install resolved        'dboracle',
49 silly install resolved        'Node.js',
49 silly install resolved        'SQL',
49 silly install resolved        'PL/SQL',
49 silly install resolved        'connection',
49 silly install resolved        'connectivity',
49 silly install resolved        'OCI',
49 silly install resolved        'client',
49 silly install resolved        'plugin',
49 silly install resolved        'library',
49 silly install resolved        'driver',
49 silly install resolved        'extension',
49 silly install resolved        'binding',
49 silly install resolved        'interface',
49 silly install resolved        'adapter',
49 silly install resolved        'module',
49 silly install resolved        'DB',
49 silly install resolved        'official',
49 silly install resolved        'Database',
49 silly install resolved        'Oracle' ],
49 silly install resolved     repository:
49 silly install resolved      { type: 'git',
49 silly install resolved        url: 'git://github.com/oracle/node-oracledb.git' },
49 silly install resolved     dependencies: { nan: '^1.8.4' },
49 silly install resolved     devDependencies: { mocha: '~2.2.5', should: '~6.0.1', async: '~0.9.0' },
49 silly install resolved     scripts:
49 silly install resolved      { test: 'node_modules/mocha/bin/mocha -R spec --timeout 10000 test/*.js',
49 silly install resolved        install: 'node-gyp rebuild' },
49 silly install resolved     engines: { node: '>=0.10.28' },
49 silly install resolved     maintainers: [ [Object], [Object] ],
49 silly install resolved     bugs: { url: 'https://github.com/oracle/node-oracledb/issues' },
49 silly install resolved     main: './index.js',
49 silly install resolved     gypfile: true,
49 silly install resolved     _id: 'oracledb@1.0.0',
49 silly install resolved     _shasum: 'c8fe982ceb1c32810e9a63881b1b140d587a9b09',
49 silly install resolved     _resolved: 'https://registry.npmjs.org/oracledb/-/oracledb-1.0.0.tgz',
49 silly install resolved     _from: 'oracledb@*',
49 silly install resolved     _npmVersion: '2.12.1',
49 silly install resolved     _nodeVersion: '0.10.40',
49 silly install resolved     _npmUser: { name: 'cjbj', email: 'christopher.jones@oracle.com' },
49 silly install resolved     dist:
49 silly install resolved      { shasum: 'c8fe982ceb1c32810e9a63881b1b140d587a9b09',
49 silly install resolved        tarball: 'http://registry.npmjs.org/oracledb/-/oracledb-1.0.0.tgz' },
49 silly install resolved     directories: {} } ]
50 info install oracledb@1.0.0 into /Users/christianmccabe/Desktop/booksFire
51 info installOne oracledb@1.0.0
52 verbose installOne of oracledb to /Users/christianmccabe/Desktop/booksFire not in flight; installing
53 verbose lock using /Users/christianmccabe/.npm/_locks/oracledb-fa153b230393ce3f.lock for /Users/christianmccabe/Desktop/booksFire/node_modules/oracledb
54 silly install write writing oracledb 1.0.0 to /Users/christianmccabe/Desktop/booksFire/node_modules/oracledb
55 silly cache addNamed cb oracledb@1.0.0
56 verbose unbuild node_modules/oracledb
57 verbose gentlyRm vacuuming /Users/christianmccabe/Desktop/booksFire/node_modules/oracledb
58 verbose tar unpack /Users/christianmccabe/.npm/oracledb/1.0.0/package.tgz
59 verbose tar unpacking to /Users/christianmccabe/Desktop/booksFire/node_modules/oracledb
60 verbose gentlyRm vacuuming /Users/christianmccabe/Desktop/booksFire/node_modules/oracledb
61 silly gunzTarPerm modes [ '755', '644' ]
62 silly gunzTarPerm extractEntry package.json
63 silly gunzTarPerm extractEntry README.md
64 silly gunzTarPerm extractEntry index.js
65 silly gunzTarPerm extractEntry CHANGELOG.md
66 silly gunzTarPerm extractEntry LICENSE.md
67 silly gunzTarPerm extractEntry binding.gyp
68 silly gunzTarPerm extractEntry lib/oracledb.js
69 silly gunzTarPerm extractEntry src/dpi/include/dpi.h
70 silly gunzTarPerm extractEntry src/dpi/include/dpiCommon.h
71 silly gunzTarPerm extractEntry src/dpi/include/dpiConn.h
72 silly gunzTarPerm extractEntry src/dpi/include/dpiDateTimeArray.h
73 silly gunzTarPerm extractEntry src/dpi/include/dpiEnv.h
74 silly gunzTarPerm extractEntry src/dpi/include/dpiException.h
75 silly gunzTarPerm extractEntry src/dpi/include/dpiLob.h
76 silly gunzTarPerm extractEntry src/dpi/include/dpiPool.h
77 silly gunzTarPerm extractEntry src/dpi/include/dpiStmt.h
78 silly gunzTarPerm extractEntry src/dpi/src/dpiExceptionImpl.cpp
79 silly gunzTarPerm extractEntry src/dpi/src/dpiConnImpl.cpp
80 silly gunzTarPerm extractEntry src/dpi/src/dpiDateTimeArrayImpl.cpp
81 silly gunzTarPerm extractEntry src/dpi/src/dpiDateTimeArrayImpl.h
82 silly gunzTarPerm extractEntry src/dpi/src/dpiEnv.cpp
83 silly gunzTarPerm extractEntry src/dpi/src/dpiEnvImpl.cpp
84 silly gunzTarPerm extractEntry src/dpi/src/dpiEnvImpl.h
85 silly gunzTarPerm extractEntry src/dpi/src/dpiException.cpp
86 silly gunzTarPerm extractEntry src/dpi/src/dpiConnImpl.h
87 silly gunzTarPerm extractEntry src/dpi/src/dpiExceptionImpl.h
88 silly gunzTarPerm extractEntry src/dpi/src/dpiLob.cpp
89 silly gunzTarPerm extractEntry src/dpi/src/dpiPoolImpl.cpp
90 silly gunzTarPerm extractEntry src/dpi/src/dpiPoolImpl.h
91 silly gunzTarPerm extractEntry src/dpi/src/dpiStmtImpl.cpp
92 silly gunzTarPerm extractEntry src/dpi/src/dpiStmtImpl.h
93 silly gunzTarPerm extractEntry src/dpi/src/dpiUtils.cpp
94 silly gunzTarPerm extractEntry src/dpi/src/dpiUtils.h
95 silly gunzTarPerm extractEntry src/njs/src/njsOracle.cpp
96 silly gunzTarPerm extractEntry src/njs/src/njsConnection.cpp
97 silly gunzTarPerm extractEntry src/njs/src/njsIntLob.cpp
98 silly gunzTarPerm extractEntry src/njs/src/njsIntLob.h
99 silly gunzTarPerm extractEntry src/njs/src/njsMessages.cpp
100 silly gunzTarPerm extractEntry src/njs/src/njsMessages.h
101 silly gunzTarPerm extractEntry src/njs/src/njsConnection.h
102 silly gunzTarPerm extractEntry src/njs/src/njsOracle.h
103 silly gunzTarPerm extractEntry src/njs/src/njsPool.cpp
104 silly gunzTarPerm extractEntry src/njs/src/njsPool.h
105 silly gunzTarPerm extractEntry src/njs/src/njsResultSet.cpp
106 silly gunzTarPerm extractEntry src/njs/src/njsResultSet.h
107 silly gunzTarPerm extractEntry src/njs/src/njsUtils.h
108 silly gunzTarPerm extractEntry test/README.md
109 silly gunzTarPerm extractEntry test/dataTypeNchar.js
110 silly gunzTarPerm extractEntry test/dataTypeNumber.js
111 silly gunzTarPerm extractEntry test/dataTypeNumber2.js
112 silly gunzTarPerm extractEntry test/dataTypeNvarchar2.js
113 silly gunzTarPerm extractEntry test/dataTypeFloat2.js
114 silly gunzTarPerm extractEntry test/accessTerminatedPoolAttributes.js
115 silly gunzTarPerm extractEntry test/dataTypeTimestamp2.js
116 silly gunzTarPerm extractEntry test/dataTypeTimestamp3.js
117 silly gunzTarPerm extractEntry test/dataTypeTimestamp4.js
118 silly gunzTarPerm extractEntry test/dataTypeTimestamp5.js
119 silly gunzTarPerm extractEntry test/dataTypeFloat.js
120 silly gunzTarPerm extractEntry test/dataTypeTimestamp6.js
121 silly gunzTarPerm extractEntry test/dataTypeDate.js
122 silly gunzTarPerm extractEntry test/dataTypeVarchar2.js
123 silly gunzTarPerm extractEntry test/dataTypeClob.js
124 silly gunzTarPerm extractEntry test/dbConfig.js
125 silly gunzTarPerm extractEntry test/dataTypeChar.js
126 silly gunzTarPerm extractEntry test/dmlReturning.js
127 silly gunzTarPerm extractEntry test/dataTypeBlob.js
128 silly gunzTarPerm extractEntry test/examples.js
129 silly gunzTarPerm extractEntry test/dataTypeBinaryFloat.js
130 silly gunzTarPerm extractEntry test/externalAuthentication.js
131 silly gunzTarPerm extractEntry test/dataTypeBinaryDouble.js
132 silly gunzTarPerm extractEntry test/fetchAs.js
133 silly gunzTarPerm extractEntry test/dataTypeAssist.js
134 silly gunzTarPerm extractEntry test/releaseAfterFailingTerminate.js
135 silly gunzTarPerm extractEntry test/connection.js
136 silly gunzTarPerm extractEntry test/getConnAfterPoolTerminate.js
137 silly gunzTarPerm extractEntry test/columnMetadata.js
138 silly gunzTarPerm extractEntry test/poolValidityAfterFailingTerminate.js
139 silly gunzTarPerm extractEntry test/resultSet1.js
140 silly gunzTarPerm extractEntry test/nestedCursor.js
141 silly gunzTarPerm extractEntry test/binding.js
142 silly gunzTarPerm extractEntry test/nullColumnValues.js
143 silly gunzTarPerm extractEntry test/autoCommitForSelect.js
144 silly gunzTarPerm extractEntry test/pool.js
145 silly gunzTarPerm extractEntry test/autoCommit.js
146 silly gunzTarPerm extractEntry test/poolTimeout.js
147 silly gunzTarPerm extractEntry test/dataTypeRowid.js
148 silly gunzTarPerm extractEntry test/resultSet2.js
149 silly gunzTarPerm extractEntry test/dataTypeTimestamp1.js
150 silly gunzTarPerm extractEntry test/list.txt
151 silly gunzTarPerm extractEntry test/fuzzydinosaur.jpg
152 silly gunzTarPerm extractEntry test/clobexample.txt
153 info preinstall oracledb@1.0.0
154 silly prepareForInstallMany adding nan@^1.8.4 from oracledb dependencies
155 silly cache add args [ 'nan@^1.8.4', null ]
156 verbose cache add spec nan@^1.8.4
157 silly cache add parsed spec { raw: 'nan@^1.8.4',
157 silly cache add   scope: null,
157 silly cache add   name: 'nan',
157 silly cache add   rawSpec: '^1.8.4',
157 silly cache add   spec: '>=1.8.4 <2.0.0',
157 silly cache add   type: 'range' }
158 verbose addNamed nan@>=1.8.4 <2.0.0
159 silly addNamed semver.valid null
160 silly addNamed semver.validRange >=1.8.4 <2.0.0
161 silly addNameRange { name: 'nan', range: '>=1.8.4 <2.0.0', hasData: false }
162 silly mapToRegistry name nan
163 silly mapToRegistry using default registry
164 silly mapToRegistry registry https://registry.npmjs.org/
165 silly mapToRegistry uri https://registry.npmjs.org/nan
166 verbose addNameRange registry:https://registry.npmjs.org/nan not in flight; fetching
167 verbose request uri https://registry.npmjs.org/nan
168 verbose request no auth needed
169 info attempt registry request try #1 at 10:25:08 AM
170 verbose etag "41PIK59ZUA3ADEJCQ281I0TDQ"
171 http request GET https://registry.npmjs.org/nan
172 http 200 https://registry.npmjs.org/nan
173 silly get cb [ 200,
173 silly get   { server: 'CouchDB/1.5.0 (Erlang OTP/R16B03)',
173 silly get     etag: '"9XTDV7FFTY89WTFXQVIVW1CYG"',
173 silly get     'content-type': 'application/json',
173 silly get     'cache-control': 'max-age=60',
173 silly get     'content-length': '95931',
173 silly get     'accept-ranges': 'bytes',
173 silly get     date: 'Mon, 31 Aug 2015 08:25:09 GMT',
173 silly get     via: '1.1 varnish',
173 silly get     age: '56',
173 silly get     connection: 'keep-alive',
173 silly get     'x-served-by': 'cache-lhr6329-LHR',
173 silly get     'x-cache': 'HIT',
173 silly get     'x-cache-hits': '1',
173 silly get     'x-timer': 'S1441009509.286965,VS0,VE1',
173 silly get     vary: 'Accept' } ]
174 verbose get saving nan to /Users/christianmccabe/.npm/registry.npmjs.org/nan/.cache.json
175 silly addNameRange number 2 { name: 'nan', range: '>=1.8.4 <2.0.0', hasData: true }
176 silly addNameRange versions [ 'nan',
176 silly addNameRange   [ '0.3.0-wip',
176 silly addNameRange     '0.3.0-wip2',
176 silly addNameRange     '0.3.0',
176 silly addNameRange     '0.3.1',
176 silly addNameRange     '0.3.2',
176 silly addNameRange     '0.4.0',
176 silly addNameRange     '0.4.1',
176 silly addNameRange     '0.4.2',
176 silly addNameRange     '0.4.3',
176 silly addNameRange     '0.4.4',
176 silly addNameRange     '0.5.0',
176 silly addNameRange     '0.5.1',
176 silly addNameRange     '0.5.2',
176 silly addNameRange     '0.6.0',
176 silly addNameRange     '0.7.0',
176 silly addNameRange     '0.7.1',
176 silly addNameRange     '0.8.0',
176 silly addNameRange     '1.0.0',
176 silly addNameRange     '1.1.0',
176 silly addNameRange     '1.1.1',
176 silly addNameRange     '1.1.2',
176 silly addNameRange     '1.2.0',
176 silly addNameRange     '1.3.0',
176 silly addNameRange     '1.4.0',
176 silly addNameRange     '1.4.1',
176 silly addNameRange     '1.5.0',
176 silly addNameRange     '1.4.2',
176 silly addNameRange     '1.4.3',
176 silly addNameRange     '1.5.1',
176 silly addNameRange     '1.5.2',
176 silly addNameRange     '1.6.0',
176 silly addNameRange     '1.5.3',
176 silly addNameRange     '1.6.1',
176 silly addNameRange     '1.6.2',
176 silly addNameRange     '1.7.0',
176 silly addNameRange     '1.8.0',
176 silly addNameRange     '1.8.1',
176 silly addNameRange     '1.8.2',
176 silly addNameRange     '1.8.3',
176 silly addNameRange     '1.8.4',
176 silly addNameRange     '1.9.0',
176 silly addNameRange     '2.0.0',
176 silly addNameRange     '2.0.1',
176 silly addNameRange     '2.0.2',
176 silly addNameRange     '2.0.3',
176 silly addNameRange     '2.0.4',
176 silly addNameRange     '2.0.5',
176 silly addNameRange     '2.0.6',
176 silly addNameRange     '2.0.7',
176 silly addNameRange     '2.0.8' ] ]
177 verbose addNamed nan@1.9.0
178 silly addNamed semver.valid 1.9.0
179 silly addNamed semver.validRange 1.9.0
180 silly mapToRegistry name nan
181 silly mapToRegistry using default registry
182 silly mapToRegistry registry https://registry.npmjs.org/
183 silly mapToRegistry uri https://registry.npmjs.org/nan
184 verbose addRemoteTarball https://registry.npmjs.org/nan/-/nan-1.9.0.tgz not in flight; adding
185 verbose addRemoteTarball [ 'https://registry.npmjs.org/nan/-/nan-1.9.0.tgz',
185 verbose addRemoteTarball   '1a9cd2755609766f5c291e4194fce39fde286515' ]
186 info retry fetch attempt 1 at 10:25:09 AM
187 info attempt registry request try #1 at 10:25:09 AM
188 http fetch GET https://registry.npmjs.org/nan/-/nan-1.9.0.tgz
189 http fetch 200 https://registry.npmjs.org/nan/-/nan-1.9.0.tgz
190 silly fetchAndShaCheck shasum 1a9cd2755609766f5c291e4194fce39fde286515
191 verbose addTmpTarball /var/folders/04/b6d5x9g12191br_32x_wqx_00000gn/T/npm-34402-77d6528b/registry.npmjs.org/nan/-/nan-1.9.0.tgz not in flight; adding
192 verbose addTmpTarball already have metadata; skipping unpack for nan@1.9.0
193 silly cache afterAdd nan@1.9.0
194 verbose afterAdd /Users/christianmccabe/.npm/nan/1.9.0/package/package.json not in flight; writing
195 verbose afterAdd /Users/christianmccabe/.npm/nan/1.9.0/package/package.json written
196 silly install resolved [ { name: 'nan',
196 silly install resolved     version: '1.9.0',
196 silly install resolved     description: 'Native Abstractions for Node.js: C++ header for Node 0.8->0.12 compatibility',
196 silly install resolved     main: 'include_dirs.js',
196 silly install resolved     repository: { type: 'git', url: 'git://github.com/nodejs/nan.git' },
196 silly install resolved     scripts:
196 silly install resolved      { test: 'tap --gc test/js/*-test.js',
196 silly install resolved        'rebuild-tests': 'pangyp rebuild --msvs_version=2013 --directory test' },
196 silly install resolved     contributors:
196 silly install resolved      [ [Object],
196 silly install resolved        [Object],
196 silly install resolved        [Object],
196 silly install resolved        [Object],
196 silly install resolved        [Object],
196 silly install resolved        [Object],
196 silly install resolved        [Object] ],
196 silly install resolved     devDependencies:
196 silly install resolved      { bindings: '~1.2.1',
196 silly install resolved        'node-gyp': '~2.0.2',
196 silly install resolved        pangyp: '~2.2.0',
196 silly install resolved        tap: '~0.7.1',
196 silly install resolved        xtend: '~4.0.0' },
196 silly install resolved     license: 'MIT',
196 silly install resolved     gitHead: '399b3a54ada39a7cf7a11978ea727eae3686666e',
196 silly install resolved     bugs: { url: 'https://github.com/nodejs/nan/issues' },
196 silly install resolved     homepage: 'https://github.com/nodejs/nan#readme',
196 silly install resolved     _id: 'nan@1.9.0',
196 silly install resolved     _shasum: '1a9cd2755609766f5c291e4194fce39fde286515',
196 silly install resolved     _from: 'nan@>=1.8.4 <2.0.0',
196 silly install resolved     _npmVersion: '2.13.3',
196 silly install resolved     _nodeVersion: '0.12.2',
196 silly install resolved     _npmUser: { name: 'kkoopa', email: 'bbyholm@abo.fi' },
196 silly install resolved     maintainers: [ [Object], [Object] ],
196 silly install resolved     dist:
196 silly install resolved      { shasum: '1a9cd2755609766f5c291e4194fce39fde286515',
196 silly install resolved        tarball: 'http://registry.npmjs.org/nan/-/nan-1.9.0.tgz' },
196 silly install resolved     directories: {},
196 silly install resolved     _resolved: 'https://registry.npmjs.org/nan/-/nan-1.9.0.tgz' } ]
197 info install nan@1.9.0 into /Users/christianmccabe/Desktop/booksFire/node_modules/oracledb
198 info installOne nan@1.9.0
199 verbose installOne of nan to /Users/christianmccabe/Desktop/booksFire/node_modules/oracledb not in flight; installing
200 verbose lock using /Users/christianmccabe/.npm/_locks/nan-5feccbab0935e21d.lock for /Users/christianmccabe/Desktop/booksFire/node_modules/oracledb/node_modules/nan
201 silly install write writing nan 1.9.0 to /Users/christianmccabe/Desktop/booksFire/node_modules/oracledb/node_modules/nan
202 silly cache addNamed cb nan@1.9.0
203 verbose unbuild node_modules/oracledb/node_modules/nan
204 verbose gentlyRm vacuuming /Users/christianmccabe/Desktop/booksFire/node_modules/oracledb/node_modules/nan
205 verbose tar unpack /Users/christianmccabe/.npm/nan/1.9.0/package.tgz
206 verbose tar unpacking to /Users/christianmccabe/Desktop/booksFire/node_modules/oracledb/node_modules/nan
207 verbose gentlyRm vacuuming /Users/christianmccabe/Desktop/booksFire/node_modules/oracledb/node_modules/nan
208 silly gunzTarPerm modes [ '755', '644' ]
209 silly gunzTarPerm extractEntry package.json
210 silly gunzTarPerm modified mode [ 'package.json', 436, 420 ]
211 silly gunzTarPerm extractEntry README.md
212 silly gunzTarPerm modified mode [ 'README.md', 436, 420 ]
213 silly gunzTarPerm extractEntry include_dirs.js
214 silly gunzTarPerm modified mode [ 'include_dirs.js', 436, 420 ]
215 silly gunzTarPerm extractEntry LICENSE.md
216 silly gunzTarPerm modified mode [ 'LICENSE.md', 436, 420 ]
217 silly gunzTarPerm extractEntry .dntrc
218 silly gunzTarPerm modified mode [ '.dntrc', 436, 420 ]
219 silly gunzTarPerm extractEntry appveyor.yml
220 silly gunzTarPerm modified mode [ 'appveyor.yml', 436, 420 ]
221 silly gunzTarPerm extractEntry nan.h
222 silly gunzTarPerm modified mode [ 'nan.h', 436, 420 ]
223 silly gunzTarPerm extractEntry nan_implementation_12_inl.h
224 silly gunzTarPerm modified mode [ 'nan_implementation_12_inl.h', 436, 420 ]
225 silly gunzTarPerm extractEntry nan_implementation_pre_12_inl.h
226 silly gunzTarPerm modified mode [ 'nan_implementation_pre_12_inl.h', 436, 420 ]
227 silly gunzTarPerm extractEntry nan_new.h
228 silly gunzTarPerm modified mode [ 'nan_new.h', 436, 420 ]
229 silly gunzTarPerm extractEntry nan_string_bytes.h
230 silly gunzTarPerm modified mode [ 'nan_string_bytes.h', 436, 420 ]
231 silly gunzTarPerm extractEntry CHANGELOG.md
232 silly gunzTarPerm modified mode [ 'CHANGELOG.md', 436, 420 ]
233 silly gunzTarPerm extractEntry tools/node_modules/commander/package.json
234 silly gunzTarPerm modified mode [ 'tools/node_modules/commander/package.json', 436, 420 ]
235 silly gunzTarPerm extractEntry tools/node_modules/commander/LICENSE
236 silly gunzTarPerm modified mode [ 'tools/node_modules/commander/LICENSE', 436, 420 ]
237 silly gunzTarPerm extractEntry tools/node_modules/commander/index.js
238 silly gunzTarPerm modified mode [ 'tools/node_modules/commander/index.js', 436, 420 ]
239 silly gunzTarPerm extractEntry tools/node_modules/commander/History.md
240 silly gunzTarPerm modified mode [ 'tools/node_modules/commander/History.md', 436, 420 ]
241 silly gunzTarPerm extractEntry tools/node_modules/commander/Readme.md
242 silly gunzTarPerm modified mode [ 'tools/node_modules/commander/Readme.md', 436, 420 ]
243 silly gunzTarPerm extractEntry tools/node_modules/commander/node_modules/graceful-readlink/package.json
244 silly gunzTarPerm modified mode [ 'tools/node_modules/commander/node_modules/graceful-readlink/package.json',
244 silly gunzTarPerm   436,
244 silly gunzTarPerm   420 ]
245 silly gunzTarPerm extractEntry tools/node_modules/commander/node_modules/graceful-readlink/.npmignore
246 silly gunzTarPerm modified mode [ 'tools/node_modules/commander/node_modules/graceful-readlink/.npmignore',
246 silly gunzTarPerm   436,
246 silly gunzTarPerm   420 ]
247 silly gunzTarPerm extractEntry tools/node_modules/commander/node_modules/graceful-readlink/README.md
248 silly gunzTarPerm modified mode [ 'tools/node_modules/commander/node_modules/graceful-readlink/README.md',
248 silly gunzTarPerm   436,
248 silly gunzTarPerm   420 ]
249 silly gunzTarPerm extractEntry tools/node_modules/commander/node_modules/graceful-readlink/LICENSE
250 silly gunzTarPerm modified mode [ 'tools/node_modules/commander/node_modules/graceful-readlink/LICENSE',
250 silly gunzTarPerm   436,
250 silly gunzTarPerm   420 ]
251 silly gunzTarPerm extractEntry tools/node_modules/commander/node_modules/graceful-readlink/index.js
252 silly gunzTarPerm modified mode [ 'tools/node_modules/commander/node_modules/graceful-readlink/index.js',
252 silly gunzTarPerm   436,
252 silly gunzTarPerm   420 ]
253 silly gunzTarPerm extractEntry tools/node_modules/commander/node_modules/graceful-readlink/.travis.yml
254 silly gunzTarPerm modified mode [ 'tools/node_modules/commander/node_modules/graceful-readlink/.travis.yml',
254 silly gunzTarPerm   436,
254 silly gunzTarPerm   420 ]
255 silly gunzTarPerm extractEntry tools/node_modules/glob/package.json
256 silly gunzTarPerm modified mode [ 'tools/node_modules/glob/package.json', 436, 420 ]
257 silly gunzTarPerm extractEntry tools/node_modules/glob/README.md
258 silly gunzTarPerm modified mode [ 'tools/node_modules/glob/README.md', 436, 420 ]
259 silly gunzTarPerm extractEntry tools/node_modules/glob/LICENSE
260 silly gunzTarPerm modified mode [ 'tools/node_modules/glob/LICENSE', 436, 420 ]
261 silly gunzTarPerm extractEntry tools/node_modules/glob/common.js
262 silly gunzTarPerm modified mode [ 'tools/node_modules/glob/common.js', 436, 420 ]
263 silly gunzTarPerm extractEntry tools/node_modules/glob/glob.js
264 silly gunzTarPerm modified mode [ 'tools/node_modules/glob/glob.js', 436, 420 ]
265 silly gunzTarPerm extractEntry tools/node_modules/glob/sync.js
266 silly gunzTarPerm modified mode [ 'tools/node_modules/glob/sync.js', 436, 420 ]
267 silly gunzTarPerm extractEntry tools/node_modules/glob/node_modules/inflight/package.json
268 silly gunzTarPerm modified mode [ 'tools/node_modules/glob/node_modules/inflight/package.json',
268 silly gunzTarPerm   436,
268 silly gunzTarPerm   420 ]
269 silly gunzTarPerm extractEntry tools/node_modules/glob/node_modules/inflight/README.md
270 silly gunzTarPerm modified mode [ 'tools/node_modules/glob/node_modules/inflight/README.md',
270 silly gunzTarPerm   436,
270 silly gunzTarPerm   420 ]
271 silly gunzTarPerm extractEntry tools/node_modules/glob/node_modules/inflight/LICENSE
272 silly gunzTarPerm modified mode [ 'tools/node_modules/glob/node_modules/inflight/LICENSE',
272 silly gunzTarPerm   436,
272 silly gunzTarPerm   420 ]
273 silly gunzTarPerm extractEntry tools/node_modules/glob/node_modules/inflight/inflight.js
274 silly gunzTarPerm modified mode [ 'tools/node_modules/glob/node_modules/inflight/inflight.js',
274 silly gunzTarPerm   436,
274 silly gunzTarPerm   420 ]
275 silly gunzTarPerm extractEntry tools/node_modules/glob/node_modules/inflight/test.js
276 silly gunzTarPerm modified mode [ 'tools/node_modules/glob/node_modules/inflight/test.js',
276 silly gunzTarPerm   436,
276 silly gunzTarPerm   420 ]
277 silly gunzTarPerm extractEntry tools/node_modules/glob/node_modules/inflight/.eslintrc
278 silly gunzTarPerm modified mode [ 'tools/node_modules/glob/node_modules/inflight/.eslintrc',
278 silly gunzTarPerm   436,
278 silly gunzTarPerm   420 ]
279 silly gunzTarPerm extractEntry tools/node_modules/glob/node_modules/inflight/node_modules/wrappy/package.json
280 silly gunzTarPerm modified mode [ 'tools/node_modules/glob/node_modules/inflight/node_modules/wrappy/package.json',
280 silly gunzTarPerm   436,
280 silly gunzTarPerm   420 ]
281 silly gunzTarPerm extractEntry tools/node_modules/glob/node_modules/inflight/node_modules/wrappy/README.md
282 silly gunzTarPerm modified mode [ 'tools/node_modules/glob/node_modules/inflight/node_modules/wrappy/README.md',
282 silly gunzTarPerm   436,
282 silly gunzTarPerm   420 ]
283 silly gunzTarPerm extractEntry tools/node_modules/glob/node_modules/inflight/node_modules/wrappy/LICENSE
284 silly gunzTarPerm modified mode [ 'tools/node_modules/glob/node_modules/inflight/node_modules/wrappy/LICENSE',
284 silly gunzTarPerm   436,
284 silly gunzTarPerm   420 ]
285 silly gunzTarPerm extractEntry tools/node_modules/glob/node_modules/inflight/node_modules/wrappy/wrappy.js
286 silly gunzTarPerm modified mode [ 'tools/node_modules/glob/node_modules/inflight/node_modules/wrappy/wrappy.js',
286 silly gunzTarPerm   436,
286 silly gunzTarPerm   420 ]
287 silly gunzTarPerm extractEntry tools/node_modules/glob/node_modules/inflight/node_modules/wrappy/test/basic.js
288 silly gunzTarPerm modified mode [ 'tools/node_modules/glob/node_modules/inflight/node_modules/wrappy/test/basic.js',
288 silly gunzTarPerm   436,
288 silly gunzTarPerm   420 ]
289 silly gunzTarPerm extractEntry tools/node_modules/glob/node_modules/inherits/package.json
290 silly gunzTarPerm modified mode [ 'tools/node_modules/glob/node_modules/inherits/package.json',
290 silly gunzTarPerm   436,
290 silly gunzTarPerm   420 ]
291 silly gunzTarPerm extractEntry tools/node_modules/glob/node_modules/inherits/README.md
292 silly gunzTarPerm modified mode [ 'tools/node_modules/glob/node_modules/inherits/README.md',
292 silly gunzTarPerm   436,
292 silly gunzTarPerm   420 ]
293 silly gunzTarPerm extractEntry tools/node_modules/glob/node_modules/inherits/LICENSE
294 silly gunzTarPerm modified mode [ 'tools/node_modules/glob/node_modules/inherits/LICENSE',
294 silly gunzTarPerm   436,
294 silly gunzTarPerm   420 ]
295 silly gunzTarPerm extractEntry tools/node_modules/glob/node_modules/inherits/inherits.js
296 silly gunzTarPerm modified mode [ 'tools/node_modules/glob/node_modules/inherits/inherits.js',
296 silly gunzTarPerm   436,
296 silly gunzTarPerm   420 ]
297 silly gunzTarPerm extractEntry tools/node_modules/glob/node_modules/inherits/inherits_browser.js
298 silly gunzTarPerm modified mode [ 'tools/node_modules/glob/node_modules/inherits/inherits_browser.js',
298 silly gunzTarPerm   436,
298 silly gunzTarPerm   420 ]
299 silly gunzTarPerm extractEntry tools/node_modules/glob/node_modules/inherits/test.js
300 silly gunzTarPerm modified mode [ 'tools/node_modules/glob/node_modules/inherits/test.js',
300 silly gunzTarPerm   436,
300 silly gunzTarPerm   420 ]
301 silly gunzTarPerm extractEntry tools/node_modules/glob/node_modules/minimatch/package.json
302 silly gunzTarPerm modified mode [ 'tools/node_modules/glob/node_modules/minimatch/package.json',
302 silly gunzTarPerm   436,
302 silly gunzTarPerm   420 ]
303 silly gunzTarPerm extractEntry tools/node_modules/glob/node_modules/minimatch/README.md
304 silly gunzTarPerm modified mode [ 'tools/node_modules/glob/node_modules/minimatch/README.md',
304 silly gunzTarPerm   436,
304 silly gunzTarPerm   420 ]
305 silly gunzTarPerm extractEntry tools/node_modules/glob/node_modules/minimatch/LICENSE
306 silly gunzTarPerm modified mode [ 'tools/node_modules/glob/node_modules/minimatch/LICENSE',
306 silly gunzTarPerm   436,
306 silly gunzTarPerm   420 ]
307 silly gunzTarPerm extractEntry tools/node_modules/glob/node_modules/minimatch/browser.js
308 silly gunzTarPerm modified mode [ 'tools/node_modules/glob/node_modules/minimatch/browser.js',
308 silly gunzTarPerm   436,
308 silly gunzTarPerm   420 ]
309 silly gunzTarPerm extractEntry tools/node_modules/glob/node_modules/minimatch/minimatch.js
310 silly gunzTarPerm modified mode [ 'tools/node_modules/glob/node_modules/minimatch/minimatch.js',
310 silly gunzTarPerm   436,
310 silly gunzTarPerm   420 ]
311 silly gunzTarPerm extractEntry tools/node_modules/glob/node_modules/minimatch/node_modules/brace-expansion/package.json
312 silly gunzTarPerm modified mode [ 'tools/node_modules/glob/node_modules/minimatch/node_modules/brace-expansion/package.json',
312 silly gunzTarPerm   436,
312 silly gunzTarPerm   420 ]
313 silly gunzTarPerm extractEntry tools/node_modules/glob/node_modules/minimatch/node_modules/brace-expansion/.npmignore
314 silly gunzTarPerm modified mode [ 'tools/node_modules/glob/node_modules/minimatch/node_modules/brace-expansion/.npmignore',
314 silly gunzTarPerm   436,
314 silly gunzTarPerm   420 ]
315 silly gunzTarPerm extractEntry tools/node_modules/glob/node_modules/minimatch/node_modules/brace-expansion/README.md
316 silly gunzTarPerm modified mode [ 'tools/node_modules/glob/node_modules/minimatch/node_modules/brace-expansion/README.md',
316 silly gunzTarPerm   436,
316 silly gunzTarPerm   420 ]
317 silly gunzTarPerm extractEntry tools/node_modules/glob/node_modules/minimatch/node_modules/brace-expansion/example.js
318 silly gunzTarPerm modified mode [ 'tools/node_modules/glob/node_modules/minimatch/node_modules/brace-expansion/example.js',
318 silly gunzTarPerm   436,
318 silly gunzTarPerm   420 ]
319 silly gunzTarPerm extractEntry tools/node_modules/glob/node_modules/minimatch/node_modules/brace-expansion/index.js
320 silly gunzTarPerm modified mode [ 'tools/node_modules/glob/node_modules/minimatch/node_modules/brace-expansion/index.js',
320 silly gunzTarPerm   436,
320 silly gunzTarPerm   420 ]
321 silly gunzTarPerm extractEntry tools/node_modules/glob/node_modules/minimatch/node_modules/brace-expansion/.travis.yml
322 silly gunzTarPerm modified mode [ 'tools/node_modules/glob/node_modules/minimatch/node_modules/brace-expansion/.travis.yml',
322 silly gunzTarPerm   436,
322 silly gunzTarPerm   420 ]
323 silly gunzTarPerm extractEntry tools/node_modules/glob/node_modules/minimatch/node_modules/brace-expansion/test/bash-comparison.js
324 silly gunzTarPerm modified mode [ 'tools/node_modules/glob/node_modules/minimatch/node_modules/brace-expansion/test/bash-comparison.js',
324 silly gunzTarPerm   436,
324 silly gunzTarPerm   420 ]
325 silly gunzTarPerm extractEntry tools/node_modules/glob/node_modules/minimatch/node_modules/brace-expansion/test/same-type.js
326 silly gunzTarPerm modified mode [ 'tools/node_modules/glob/node_modules/minimatch/node_modules/brace-expansion/test/same-type.js',
326 silly gunzTarPerm   436,
326 silly gunzTarPerm   420 ]
327 silly gunzTarPerm extractEntry tools/node_modules/glob/node_modules/minimatch/node_modules/brace-expansion/test/dollar.js
328 silly gunzTarPerm modified mode [ 'tools/node_modules/glob/node_modules/minimatch/node_modules/brace-expansion/test/dollar.js',
328 silly gunzTarPerm   436,
328 silly gunzTarPerm   420 ]
329 silly gunzTarPerm extractEntry tools/node_modules/glob/node_modules/minimatch/node_modules/brace-expansion/test/empty-option.js
330 silly gunzTarPerm modified mode [ 'tools/node_modules/glob/node_modules/minimatch/node_modules/brace-expansion/test/empty-option.js',
330 silly gunzTarPerm   436,
330 silly gunzTarPerm   420 ]
331 silly gunzTarPerm extractEntry tools/node_modules/glob/node_modules/minimatch/node_modules/brace-expansion/test/pad.js
332 silly gunzTarPerm modified mode [ 'tools/node_modules/glob/node_modules/minimatch/node_modules/brace-expansion/test/pad.js',
332 silly gunzTarPerm   436,
332 silly gunzTarPerm   420 ]
333 silly gunzTarPerm extractEntry tools/node_modules/glob/node_modules/minimatch/node_modules/brace-expansion/test/order.js
334 silly gunzTarPerm modified mode [ 'tools/node_modules/glob/node_modules/minimatch/node_modules/brace-expansion/test/order.js',
334 silly gunzTarPerm   436,
334 silly gunzTarPerm   420 ]
335 silly gunzTarPerm extractEntry tools/node_modules/glob/node_modules/minimatch/node_modules/brace-expansion/test/nested.js
336 silly gunzTarPerm modified mode [ 'tools/node_modules/glob/node_modules/minimatch/node_modules/brace-expansion/test/nested.js',
336 silly gunzTarPerm   436,
336 silly gunzTarPerm   420 ]
337 silly gunzTarPerm extractEntry tools/node_modules/glob/node_modules/minimatch/node_modules/brace-expansion/test/sequence.js
338 silly gunzTarPerm modified mode [ 'tools/node_modules/glob/node_modules/minimatch/node_modules/brace-expansion/test/sequence.js',
338 silly gunzTarPerm   436,
338 silly gunzTarPerm   420 ]
339 silly gunzTarPerm extractEntry tools/node_modules/glob/node_modules/minimatch/node_modules/brace-expansion/test/negative-increment.js
340 silly gunzTarPerm modified mode [ 'tools/node_modules/glob/node_modules/minimatch/node_modules/brace-expansion/test/negative-increment.js',
340 silly gunzTarPerm   436,
340 silly gunzTarPerm   420 ]
341 silly gunzTarPerm extractEntry tools/node_modules/glob/node_modules/minimatch/node_modules/brace-expansion/test/bash-results.txt
342 silly gunzTarPerm modified mode [ 'tools/node_modules/glob/node_modules/minimatch/node_modules/brace-expansion/test/bash-results.txt',
342 silly gunzTarPerm   436,
342 silly gunzTarPerm   420 ]
343 silly gunzTarPerm extractEntry tools/node_modules/glob/node_modules/minimatch/node_modules/brace-expansion/test/generate.sh
344 silly gunzTarPerm modified mode [ 'tools/node_modules/glob/node_modules/minimatch/node_modules/brace-expansion/test/generate.sh',
344 silly gunzTarPerm   436,
344 silly gunzTarPerm   420 ]
345 silly gunzTarPerm extractEntry tools/node_modules/glob/node_modules/minimatch/node_modules/brace-expansion/test/cases.txt
346 silly gunzTarPerm modified mode [ 'tools/node_modules/glob/node_modules/minimatch/node_modules/brace-expansion/test/cases.txt',
346 silly gunzTarPerm   436,
346 silly gunzTarPerm   420 ]
347 silly gunzTarPerm extractEntry tools/node_modules/glob/node_modules/minimatch/node_modules/brace-expansion/node_modules/balanced-match/package.json
348 silly gunzTarPerm modified mode [ 'tools/node_modules/glob/node_modules/minimatch/node_modules/brace-expansion/node_modules/balanced-match/package.json',
348 silly gunzTarPerm   436,
348 silly gunzTarPerm   420 ]
349 silly gunzTarPerm extractEntry tools/node_modules/glob/node_modules/minimatch/node_modules/brace-expansion/node_modules/balanced-match/.npmignore
350 silly gunzTarPerm modified mode [ 'tools/node_modules/glob/node_modules/minimatch/node_modules/brace-expansion/node_modules/balanced-match/.npmignore',
350 silly gunzTarPerm   436,
350 silly gunzTarPerm   420 ]
351 silly gunzTarPerm extractEntry tools/node_modules/glob/node_modules/minimatch/node_modules/brace-expansion/node_modules/balanced-match/README.md
352 silly gunzTarPerm modified mode [ 'tools/node_modules/glob/node_modules/minimatch/node_modules/brace-expansion/node_modules/balanced-match/README.md',
352 silly gunzTarPerm   436,
352 silly gunzTarPerm   420 ]
353 silly gunzTarPerm extractEntry tools/node_modules/glob/node_modules/minimatch/node_modules/brace-expansion/node_modules/balanced-match/example.js
354 silly gunzTarPerm modified mode [ 'tools/node_modules/glob/node_modules/minimatch/node_modules/brace-expansion/node_modules/balanced-match/example.js',
354 silly gunzTarPerm   436,
354 silly gunzTarPerm   420 ]
355 silly gunzTarPerm extractEntry tools/node_modules/glob/node_modules/minimatch/node_modules/brace-expansion/node_modules/balanced-match/index.js
356 silly gunzTarPerm modified mode [ 'tools/node_modules/glob/node_modules/minimatch/node_modules/brace-expansion/node_modules/balanced-match/index.js',
356 silly gunzTarPerm   436,
356 silly gunzTarPerm   420 ]
357 silly gunzTarPerm extractEntry tools/node_modules/glob/node_modules/minimatch/node_modules/brace-expansion/node_modules/balanced-match/.travis.yml
358 silly gunzTarPerm modified mode [ 'tools/node_modules/glob/node_modules/minimatch/node_modules/brace-expansion/node_modules/balanced-match/.travis.yml',
358 silly gunzTarPerm   436,
358 silly gunzTarPerm   420 ]
359 silly gunzTarPerm extractEntry tools/node_modules/glob/node_modules/minimatch/node_modules/brace-expansion/node_modules/balanced-match/Makefile
360 silly gunzTarPerm modified mode [ 'tools/node_modules/glob/node_modules/minimatch/node_modules/brace-expansion/node_modules/balanced-match/Makefile',
360 silly gunzTarPerm   436,
360 silly gunzTarPerm   420 ]
361 silly gunzTarPerm extractEntry tools/node_modules/glob/node_modules/minimatch/node_modules/brace-expansion/node_modules/balanced-match/test/balanced.js
362 silly gunzTarPerm modified mode [ 'tools/node_modules/glob/node_modules/minimatch/node_modules/brace-expansion/node_modules/balanced-match/test/balanced.js',
362 silly gunzTarPerm   436,
362 silly gunzTarPerm   420 ]
363 silly gunzTarPerm extractEntry tools/node_modules/glob/node_modules/minimatch/node_modules/brace-expansion/node_modules/concat-map/package.json
364 silly gunzTarPerm modified mode [ 'tools/node_modules/glob/node_modules/minimatch/node_modules/brace-expansion/node_modules/concat-map/package.json',
364 silly gunzTarPerm   436,
364 silly gunzTarPerm   420 ]
365 silly gunzTarPerm extractEntry tools/node_modules/glob/node_modules/minimatch/node_modules/brace-expansion/node_modules/concat-map/LICENSE
366 silly gunzTarPerm modified mode [ 'tools/node_modules/glob/node_modules/minimatch/node_modules/brace-expansion/node_modules/concat-map/LICENSE',
366 silly gunzTarPerm   436,
366 silly gunzTarPerm   420 ]
367 silly gunzTarPerm extractEntry tools/node_modules/glob/node_modules/minimatch/node_modules/brace-expansion/node_modules/concat-map/index.js
368 silly gunzTarPerm modified mode [ 'tools/node_modules/glob/node_modules/minimatch/node_modules/brace-expansion/node_modules/concat-map/index.js',
368 silly gunzTarPerm   436,
368 silly gunzTarPerm   420 ]
369 silly gunzTarPerm extractEntry tools/node_modules/glob/node_modules/minimatch/node_modules/brace-expansion/node_modules/concat-map/.travis.yml
370 silly gunzTarPerm modified mode [ 'tools/node_modules/glob/node_modules/minimatch/node_modules/brace-expansion/node_modules/concat-map/.travis.yml',
370 silly gunzTarPerm   436,
370 silly gunzTarPerm   420 ]
371 silly gunzTarPerm extractEntry tools/node_modules/glob/node_modules/minimatch/node_modules/brace-expansion/node_modules/concat-map/README.markdown
372 silly gunzTarPerm modified mode [ 'tools/node_modules/glob/node_modules/minimatch/node_modules/brace-expansion/node_modules/concat-map/README.markdown',
372 silly gunzTarPerm   436,
372 silly gunzTarPerm   420 ]
373 silly gunzTarPerm extractEntry tools/node_modules/glob/node_modules/minimatch/node_modules/brace-expansion/node_modules/concat-map/example/map.js
374 silly gunzTarPerm modified mode [ 'tools/node_modules/glob/node_modules/minimatch/node_modules/brace-expansion/node_modules/concat-map/example/map.js',
374 silly gunzTarPerm   436,
374 silly gunzTarPerm   420 ]
375 silly gunzTarPerm extractEntry tools/node_modules/glob/node_modules/minimatch/node_modules/brace-expansion/node_modules/concat-map/test/map.js
376 silly gunzTarPerm modified mode [ 'tools/node_modules/glob/node_modules/minimatch/node_modules/brace-expansion/node_modules/concat-map/test/map.js',
376 silly gunzTarPerm   436,
376 silly gunzTarPerm   420 ]
377 silly gunzTarPerm extractEntry tools/node_modules/glob/node_modules/once/package.json
378 silly gunzTarPerm modified mode [ 'tools/node_modules/glob/node_modules/once/package.json',
378 silly gunzTarPerm   436,
378 silly gunzTarPerm   420 ]
379 silly gunzTarPerm extractEntry tools/node_modules/glob/node_modules/once/README.md
380 silly gunzTarPerm modified mode [ 'tools/node_modules/glob/node_modules/once/README.md',
380 silly gunzTarPerm   436,
380 silly gunzTarPerm   420 ]
381 silly gunzTarPerm extractEntry tools/node_modules/glob/node_modules/once/LICENSE
382 silly gunzTarPerm modified mode [ 'tools/node_modules/glob/node_modules/once/LICENSE', 436, 420 ]
383 silly gunzTarPerm extractEntry tools/node_modules/glob/node_modules/once/once.js
384 silly gunzTarPerm modified mode [ 'tools/node_modules/glob/node_modules/once/once.js', 436, 420 ]
385 silly gunzTarPerm extractEntry tools/node_modules/glob/node_modules/once/test/once.js
386 silly gunzTarPerm modified mode [ 'tools/node_modules/glob/node_modules/once/test/once.js',
386 silly gunzTarPerm   436,
386 silly gunzTarPerm   420 ]
387 silly gunzTarPerm extractEntry tools/node_modules/glob/node_modules/once/node_modules/wrappy/package.json
388 silly gunzTarPerm modified mode [ 'tools/node_modules/glob/node_modules/once/node_modules/wrappy/package.json',
388 silly gunzTarPerm   436,
388 silly gunzTarPerm   420 ]
389 silly gunzTarPerm extractEntry tools/node_modules/glob/node_modules/once/node_modules/wrappy/README.md
390 silly gunzTarPerm modified mode [ 'tools/node_modules/glob/node_modules/once/node_modules/wrappy/README.md',
390 silly gunzTarPerm   436,
390 silly gunzTarPerm   420 ]
391 silly gunzTarPerm extractEntry tools/node_modules/glob/node_modules/once/node_modules/wrappy/LICENSE
392 silly gunzTarPerm modified mode [ 'tools/node_modules/glob/node_modules/once/node_modules/wrappy/LICENSE',
392 silly gunzTarPerm   436,
392 silly gunzTarPerm   420 ]
393 silly gunzTarPerm extractEntry tools/node_modules/glob/node_modules/once/node_modules/wrappy/wrappy.js
394 silly gunzTarPerm modified mode [ 'tools/node_modules/glob/node_modules/once/node_modules/wrappy/wrappy.js',
394 silly gunzTarPerm   436,
394 silly gunzTarPerm   420 ]
395 silly gunzTarPerm extractEntry tools/node_modules/glob/node_modules/once/node_modules/wrappy/test/basic.js
396 silly gunzTarPerm modified mode [ 'tools/node_modules/glob/node_modules/once/node_modules/wrappy/test/basic.js',
396 silly gunzTarPerm   436,
396 silly gunzTarPerm   420 ]
397 silly gunzTarPerm extractEntry tools/node_modules/glob/node_modules/path-is-absolute/package.json
398 silly gunzTarPerm modified mode [ 'tools/node_modules/glob/node_modules/path-is-absolute/package.json',
398 silly gunzTarPerm   436,
398 silly gunzTarPerm   420 ]
399 silly gunzTarPerm extractEntry tools/node_modules/glob/node_modules/path-is-absolute/index.js
400 silly gunzTarPerm modified mode [ 'tools/node_modules/glob/node_modules/path-is-absolute/index.js',
400 silly gunzTarPerm   436,
400 silly gunzTarPerm   420 ]
401 silly gunzTarPerm extractEntry tools/node_modules/glob/node_modules/path-is-absolute/license
402 silly gunzTarPerm modified mode [ 'tools/node_modules/glob/node_modules/path-is-absolute/license',
402 silly gunzTarPerm   436,
402 silly gunzTarPerm   420 ]
403 silly gunzTarPerm extractEntry tools/node_modules/glob/node_modules/path-is-absolute/readme.md
404 silly gunzTarPerm modified mode [ 'tools/node_modules/glob/node_modules/path-is-absolute/readme.md',
404 silly gunzTarPerm   436,
404 silly gunzTarPerm   420 ]
405 info preinstall nan@1.9.0
406 silly install resolved []
407 verbose about to build /Users/christianmccabe/Desktop/booksFire/node_modules/oracledb/node_modules/nan
408 info build /Users/christianmccabe/Desktop/booksFire/node_modules/oracledb/node_modules/nan
409 verbose linkStuff [ false,
409 verbose linkStuff   false,
409 verbose linkStuff   false,
409 verbose linkStuff   '/Users/christianmccabe/Desktop/booksFire/node_modules/oracledb/node_modules' ]
410 info linkStuff nan@1.9.0
411 verbose linkBins nan@1.9.0
412 verbose linkMans nan@1.9.0
413 verbose rebuildBundles nan@1.9.0
414 info install nan@1.9.0
415 info postinstall nan@1.9.0
416 verbose unlock done using /Users/christianmccabe/.npm/_locks/nan-5feccbab0935e21d.lock for /Users/christianmccabe/Desktop/booksFire/node_modules/oracledb/node_modules/nan
417 verbose about to build /Users/christianmccabe/Desktop/booksFire/node_modules/oracledb
418 info build /Users/christianmccabe/Desktop/booksFire/node_modules/oracledb
419 verbose linkStuff [ false,
419 verbose linkStuff   false,
419 verbose linkStuff   false,
419 verbose linkStuff   '/Users/christianmccabe/Desktop/booksFire/node_modules' ]
420 info linkStuff oracledb@1.0.0
421 verbose linkBins oracledb@1.0.0
422 verbose linkMans oracledb@1.0.0
423 verbose rebuildBundles oracledb@1.0.0
424 verbose rebuildBundles [ 'nan' ]
425 info install oracledb@1.0.0
426 verbose unsafe-perm in lifecycle true
427 info oracledb@1.0.0 Failed to exec install script
428 verbose unlock done using /Users/christianmccabe/.npm/_locks/oracledb-fa153b230393ce3f.lock for /Users/christianmccabe/Desktop/booksFire/node_modules/oracledb
429 verbose stack Error: oracledb@1.0.0 install: `node-gyp rebuild`
429 verbose stack Exit status 1
429 verbose stack     at EventEmitter.<anonymous> (/usr/local/lib/node_modules/npm/lib/utils/lifecycle.js:213:16)
429 verbose stack     at EventEmitter.emit (events.js:110:17)
429 verbose stack     at ChildProcess.<anonymous> (/usr/local/lib/node_modules/npm/lib/utils/spawn.js:14:12)
429 verbose stack     at ChildProcess.emit (events.js:110:17)
429 verbose stack     at maybeClose (child_process.js:1008:16)
429 verbose stack     at Process.ChildProcess._handle.onexit (child_process.js:1080:5)
430 verbose pkgid oracledb@1.0.0
431 verbose cwd /Users/christianmccabe/Desktop/booksFire
432 error Darwin 14.4.0
433 error argv "node" "/usr/local/bin/npm" "install" "oracledb"
434 error node v0.12.0
435 error npm  v2.6.1
436 error code ELIFECYCLE
437 error oracledb@1.0.0 install: `node-gyp rebuild`
437 error Exit status 1
438 error Failed at the oracledb@1.0.0 install script 'node-gyp rebuild'.
438 error This is most likely a problem with the oracledb package,
438 error not with npm itself.
438 error Tell the author that this fails on your system:
438 error     node-gyp rebuild
438 error You can get their info via:
438 error     npm owner ls oracledb
438 error There is likely additional logging output above.
439 verbose exit [ 1, true ]
440 verbose unbuild node_modules/oracledb
441 info preuninstall oracledb@1.0.0
442 info uninstall oracledb@1.0.0
443 verbose unbuild rmStuff oracledb@1.0.0 from /Users/christianmccabe/Desktop/booksFire/node_modules
444 info postuninstall oracledb@1.0.0
445 verbose gentlyRm vacuuming /Users/christianmccabe/Desktop/booksFire/node_modules/oracledb
446 silly gentlyRm purging /Users/christianmccabe/Desktop/booksFire/node_modules/oracledb
447 silly gentlyRm removing /Users/christianmccabe/Desktop/booksFire/node_modules
448 silly gentlyRm finished vacuuming up to /Users/christianmccabe/Desktop/booksFire
